TN:
SF:C:\Users\zaina\OneDrive\Dokumenter\2nd_semester\Artificial_intelligence_tools\Report\Ludo Game code\rust\ludogame\libraries\board\src\board.rs
FNF:0
DA:23,804
DA:35,200
DA:41,200
DA:42,200
DA:43,200
DA:46,1
DA:47,1
DA:50,0
DA:51,0
DA:52,0
DA:54,0
DA:56,0
DA:61,42
DA:62,42
DA:78,10
DA:79,10
DA:80,10
DA:81,10
DA:82,10
DA:83,10
DA:84,10
DA:85,10
DA:98,4
DA:99,4
DA:100,1
DA:101,1
DA:102,1
DA:103,1
DA:104,0
DA:108,10
DA:109,10
DA:110,10
DA:111,10
DA:112,10
DA:113,10
DA:115,10
DA:116,10
DA:117,10
DA:118,10
DA:119,10
DA:122,90
DA:123,40
DA:124,40
DA:125,40
DA:126,40
DA:129,10
DA:132,10
DA:134,10
DA:135,10
DA:136,10
DA:137,10
DA:141,10
DA:142,10
DA:143,530
DA:144,520
DA:145,520
DA:146,520
DA:147,520
DA:150,10
DA:153,10
DA:154,10
DA:155,210
DA:156,200
DA:157,200
DA:158,200
DA:159,200
DA:162,10
DA:165,10
DA:166,10
DA:167,90
DA:168,40
DA:170,10
DA:173,10
DA:174,10
DA:175,90
DA:176,40
DA:178,10
DA:181,10
DA:182,10
DA:183,170
DA:184,80
DA:186,10
DA:189,4
DA:190,4
DA:193,4
DA:194,4
DA:197,52
DA:198,52
DA:201,40
DA:202,40
DA:204,4
DA:205,4
DA:208,8
DA:209,8
DA:212,4
DA:213,4
DA:216,4
DA:217,4
DA:220,4
DA:221,4
DA:222,4
DA:225,8
DA:226,8
DA:227,8
DA:540,40
DA:541,40
DA:542,520
DA:543,160
DA:545,40
DA:549,2
DA:550,2
LF:111
LH:105
end_of_record
TN:
SF:C:\Users\zaina\OneDrive\Dokumenter\2nd_semester\Artificial_intelligence_tools\Report\Ludo Game code\rust\ludogame\libraries\pieces\src\pieces.rs
FNF:0
DA:19,168
DA:22,168
DA:32,0
DA:33,0
DA:36,0
DA:37,0
DA:40,0
DA:41,0
DA:44,0
DA:45,0
DA:48,0
DA:49,0
DA:52,0
DA:53,0
DA:56,0
DA:57,0
DA:60,0
DA:61,0
DA:62,0
DA:65,0
DA:66,0
DA:67,0
DA:68,0
DA:69,0
DA:72,0
DA:73,0
DA:74,0
DA:75,0
DA:76,0
DA:79,0
DA:80,0
DA:81,0
DA:82,0
DA:83,0
DA:84,0
DA:87,0
DA:88,0
DA:91,0
DA:92,0
DA:93,0
DA:94,0
DA:95,0
DA:98,0
DA:99,0
DA:100,0
DA:101,0
DA:102,0
DA:103,0
LF:48
LH:2
end_of_record
