TN:
SF:C:\Users\zaina\OneDrive\Dokumenter\2nd_semester\Artificial_intelligence_tools\Report\Ludo Game code\rust\ludogame\libraries\board\src\board.rs
FNF:0
DA:31,80
DA:33,80
DA:40,1520
DA:53,400
DA:60,400
DA:61,400
DA:62,400
DA:63,400
DA:66,0
DA:67,0
DA:72,0
DA:73,0
DA:89,20
DA:90,20
DA:91,20
DA:92,20
DA:93,20
DA:94,20
DA:95,20
DA:96,20
DA:109,20
DA:110,20
DA:111,20
DA:112,20
DA:113,20
DA:114,20
DA:115,20
DA:117,180
DA:118,80
DA:120,20
DA:123,20
DA:124,20
DA:125,100
DA:126,80
DA:129,20
DA:132,20
DA:133,20
DA:134,1060
DA:135,1040
DA:137,20
DA:140,20
DA:141,20
DA:142,420
DA:143,400
DA:144,400
DA:146,20
DA:149,20
DA:150,20
DA:151,180
DA:152,80
DA:154,20
DA:157,20
DA:158,20
DA:159,180
DA:160,80
DA:162,20
DA:165,20
DA:166,20
DA:167,340
DA:168,160
DA:170,20
DA:173,4
DA:174,4
DA:177,4
DA:178,4
DA:181,28
DA:182,28
DA:187,6
DA:190,0
DA:191,0
DA:192,0
DA:193,0
DA:194,0
DA:197,0
DA:198,0
DA:199,0
DA:200,0
DA:201,0
DA:204,0
DA:205,0
DA:206,0
DA:207,0
DA:208,0
DA:211,21
DA:212,21
DA:213,22
DA:214,1
DA:217,21
DA:218,21
DA:221,1
DA:222,1
DA:223,1
DA:224,1
DA:225,2
DA:226,1
DA:230,10
DA:231,10
DA:232,10
DA:233,20
DA:234,10
DA:237,10
DA:238,10
DA:241,3
DA:242,3
DA:243,3
DA:244,6
DA:245,3
DA:249,3
DA:250,3
DA:252,18
DA:255,3
DA:256,3
DA:259,1
DA:260,1
DA:261,1
DA:263,6
DA:264,1
DA:265,1
DA:267,4
DA:269,2
DA:270,0
DA:273,1
DA:274,1
DA:276,1
DA:277,1
DA:278,2
DA:279,1
DA:283,1
DA:284,1
DA:287,2
DA:288,2
DA:289,2
DA:290,2
DA:291,1
DA:293,2
DA:294,1
DA:295,0
DA:297,0
DA:300,1
DA:301,2
DA:302,1
DA:305,0
DA:307,2
DA:308,1
DA:309,0
DA:311,0
DA:314,1
DA:315,2
DA:316,1
DA:319,0
DA:322,2
DA:323,2
DA:326,0
DA:327,0
DA:328,0
DA:329,0
DA:330,0
DA:331,0
DA:333,0
DA:338,38
DA:339,38
DA:340,34
DA:341,2
DA:342,1
DA:343,1
DA:344,0
DA:349,0
DA:350,0
LF:168
LH:132
end_of_record
TN:
SF:C:\Users\zaina\OneDrive\Dokumenter\2nd_semester\Artificial_intelligence_tools\Report\Ludo Game code\rust\ludogame\libraries\dice\src\dice.rs
FNF:0
DA:12,14
DA:13,14
DA:17,21
DA:18,21
DA:19,21
DA:22,21
DA:23,21
DA:28,0
DA:29,0
LF:9
LH:7
end_of_record
TN:
SF:C:\Users\zaina\OneDrive\Dokumenter\2nd_semester\Artificial_intelligence_tools\Report\Ludo Game code\rust\ludogame\libraries\players\pieces\src\pieces.rs
FNF:0
DA:19,104
DA:22,104
DA:32,8
DA:33,8
DA:36,28
DA:37,28
DA:40,21
DA:41,21
DA:44,9
DA:45,9
DA:48,5
DA:49,5
DA:52,39
DA:53,39
DA:56,35
DA:57,35
DA:60,21
DA:61,21
DA:62,21
DA:65,21
DA:66,21
DA:67,21
DA:68,21
DA:69,21
DA:72,10
DA:73,10
DA:74,10
DA:75,10
DA:76,10
DA:79,1
DA:80,1
DA:81,1
DA:82,1
DA:83,1
DA:84,1
DA:87,0
DA:88,0
DA:91,0
DA:92,0
DA:93,0
DA:94,0
DA:95,0
DA:98,2
DA:99,2
DA:100,2
DA:101,2
DA:102,2
DA:103,2
LF:48
LH:41
end_of_record
TN:
SF:C:\Users\zaina\OneDrive\Dokumenter\2nd_semester\Artificial_intelligence_tools\Report\Ludo Game code\rust\ludogame\libraries\players\src\players.rs
FNF:0
DA:26,26
DA:27,26
DA:28,338
DA:29,104
DA:40,64
DA:41,64
DA:44,179
DA:45,179
DA:48,0
DA:49,0
DA:52,90
DA:53,90
DA:56,1
DA:57,1
DA:60,1
DA:61,1
DA:64,4
DA:65,4
DA:66,2
DA:67,2
DA:69,2
DA:70,2
DA:72,0
DA:73,0
DA:75,0
DA:84,16
DA:85,16
DA:86,16
DA:87,16
DA:90,16
DA:91,16
DA:92,16
DA:93,3
DA:95,13
DA:96,13
DA:97,2
DA:99,11
DA:100,11
DA:101,1
DA:103,10
DA:104,10
DA:105,10
DA:109,10
DA:110,10
DA:111,10
DA:112,10
DA:113,10
DA:114,10
DA:115,10
DA:117,10
DA:120,0
DA:121,0
DA:122,0
DA:124,0
DA:125,0
DA:126,0
DA:127,0
DA:135,11
DA:136,12
DA:137,3
DA:138,0
DA:139,0
DA:140,0
DA:141,10
DA:143,1
DA:144,1
DA:147,1
DA:148,1
DA:149,1
DA:150,1
DA:151,1
DA:152,1
DA:153,1
DA:157,13
DA:158,13
DA:159,2
DA:160,0
DA:161,0
DA:162,0
DA:163,2
DA:164,2
DA:166,11
DA:170,16
DA:176,16
DA:177,10
DA:178,3
DA:179,3
DA:180,3
DA:182,0
DA:183,0
DA:184,0
DA:185,0
DA:187,0
DA:188,0
DA:189,0
DA:190,0
DA:192,0
DA:193,0
DA:194,0
DA:195,0
DA:197,13
DA:201,3
DA:202,3
DA:203,3
DA:204,3
DA:205,3
DA:206,3
DA:210,2
DA:211,2
DA:212,2
DA:213,2
DA:214,2
DA:233,21
DA:234,21
DA:235,17
DA:236,2
DA:237,1
DA:238,1
DA:239,0
DA:241,21
DA:242,21
DA:243,21
DA:247,44
DA:248,21
DA:249,21
DA:251,2
DA:255,1
DA:257,1
DA:258,1
DA:259,1
DA:262,0
DA:263,0
DA:266,0
DA:267,0
DA:274,18
DA:275,18
DA:276,0
DA:278,18
DA:279,18
DA:280,18
DA:281,18
DA:283,27
DA:284,3
DA:285,6
DA:286,0
DA:320,0
DA:321,0
LF:147
LH:108
end_of_record
